<?xml version="1.0" encoding="UTF-8"?>
<testng-results ignored="0" total="1" passed="0" failed="1" skipped="0">
  <reporter-output>
  </reporter-output>
  <suite started-at="2023-12-11T16:03:48 GMT" name="Default Suite" finished-at="2023-12-11T16:03:52 GMT" duration-ms="3981">
    <groups>
      <group name="Sanity">
        <method signature="LoginTest.verifyUserShouldLoginSuccessfully()[pri:0, instance:com.orangehrmlive.demo.testsuite.LoginTest@63a65a25]" name="verifyUserShouldLoginSuccessfully" class="com.orangehrmlive.demo.testsuite.LoginTest"/>
      </group> <!-- Sanity -->
      <group name="Regression">
        <method signature="LoginTest.verifyUserShouldLoginSuccessfully()[pri:0, instance:com.orangehrmlive.demo.testsuite.LoginTest@63a65a25]" name="verifyUserShouldLoginSuccessfully" class="com.orangehrmlive.demo.testsuite.LoginTest"/>
      </group> <!-- Regression -->
      <group name="Smoke">
        <method signature="LoginTest.verifyUserShouldLoginSuccessfully()[pri:0, instance:com.orangehrmlive.demo.testsuite.LoginTest@63a65a25]" name="verifyUserShouldLoginSuccessfully" class="com.orangehrmlive.demo.testsuite.LoginTest"/>
      </group> <!-- Smoke -->
    </groups>
    <test started-at="2023-12-11T16:03:48 GMT" name="orange-hrm-live-sw-5" finished-at="2023-12-11T16:03:52 GMT" duration-ms="3981">
      <class name="com.orangehrmlive.demo.testsuite.LoginTest">
        <test-method is-config="true" signature="setUp()[pri:0, instance:com.orangehrmlive.demo.testsuite.LoginTest@63a65a25]" started-at="2023-12-11T16:03:48 GMT" name="setUp" finished-at="2023-12-11T16:03:51 GMT" duration-ms="2324" status="PASS">
          <reporter-output>
          </reporter-output>
        </test-method> <!-- setUp -->
        <test-method is-config="true" signature="inIt()[pri:0, instance:com.orangehrmlive.demo.testsuite.LoginTest@63a65a25]" started-at="2023-12-11T16:03:51 GMT" name="inIt" finished-at="2023-12-11T16:03:51 GMT" duration-ms="13" status="PASS">
          <reporter-output>
          </reporter-output>
        </test-method> <!-- inIt -->
        <test-method signature="verifyUserShouldLoginSuccessfully()[pri:0, instance:com.orangehrmlive.demo.testsuite.LoginTest@63a65a25]" started-at="2023-12-11T16:03:51 GMT" name="verifyUserShouldLoginSuccessfully" finished-at="2023-12-11T16:03:52 GMT" duration-ms="1428" status="FAIL">
          <exception class="java.lang.AssertionError">
            <message>
              <![CDATA[WelCome Text is displayed expected [WelCome] but found [Dashboard]]]>
            </message>
            <full-stacktrace>
              <![CDATA[java.lang.AssertionError: WelCome Text is displayed expected [WelCome] but found [Dashboard]
at org.testng.Assert.fail(Assert.java:111)
at org.testng.Assert.failNotEquals(Assert.java:1578)
at org.testng.Assert.assertEqualsImpl(Assert.java:150)
at org.testng.Assert.assertEquals(Assert.java:132)
at org.testng.Assert.assertEquals(Assert.java:656)
at com.orangehrmlive.demo.testsuite.LoginTest.verifyUserShouldLoginSuccessfully(LoginTest.java:41)
at java.base/jdk.internal.reflect.NativeMethodAccessorImpl.invoke0(Native Method)
at java.base/jdk.internal.reflect.NativeMethodAccessorImpl.invoke(NativeMethodAccessorImpl.java:77)
at java.base/jdk.internal.reflect.DelegatingMethodAccessorImpl.invoke(DelegatingMethodAccessorImpl.java:43)
at java.base/java.lang.reflect.Method.invoke(Method.java:568)
at org.testng.internal.invokers.MethodInvocationHelper.invokeMethod(MethodInvocationHelper.java:139)
at org.testng.internal.invokers.TestInvoker.invokeMethod(TestInvoker.java:664)
at org.testng.internal.invokers.TestInvoker.invokeTestMethod(TestInvoker.java:227)
at org.testng.internal.invokers.MethodRunner.runInSequence(MethodRunner.java:50)
at org.testng.internal.invokers.TestInvoker$MethodInvocationAgent.invoke(TestInvoker.java:957)
at org.testng.internal.invokers.TestInvoker.invokeTestMethods(TestInvoker.java:200)
at org.testng.internal.invokers.TestMethodWorker.invokeTestMethods(TestMethodWorker.java:148)
at org.testng.internal.invokers.TestMethodWorker.run(TestMethodWorker.java:128)
at java.base/java.util.ArrayList.forEach(ArrayList.java:1511)
at org.testng.TestRunner.privateRun(TestRunner.java:848)
at org.testng.TestRunner.run(TestRunner.java:621)
at org.testng.SuiteRunner.runTest(SuiteRunner.java:443)
at org.testng.SuiteRunner.runSequentially(SuiteRunner.java:437)
at org.testng.SuiteRunner.privateRun(SuiteRunner.java:397)
at org.testng.SuiteRunner.run(SuiteRunner.java:336)
at org.testng.SuiteRunnerWorker.runSuite(SuiteRunnerWorker.java:52)
at org.testng.SuiteRunnerWorker.run(SuiteRunnerWorker.java:95)
at org.testng.TestNG.runSuitesSequentially(TestNG.java:1280)
at org.testng.TestNG.runSuitesLocally(TestNG.java:1200)
at org.testng.TestNG.runSuites(TestNG.java:1114)
at org.testng.TestNG.run(TestNG.java:1082)
at com.intellij.rt.testng.IDEARemoteTestNG.run(IDEARemoteTestNG.java:66)
at com.intellij.rt.testng.RemoteTestNGStarter.main(RemoteTestNGStarter.java:105)
]]>
            </full-stacktrace>
          </exception> <!-- java.lang.AssertionError -->
          <reporter-output>
          </reporter-output>
        </test-method> <!-- verifyUserShouldLoginSuccessfully -->
        <test-method is-config="true" signature="tearDown()[pri:0, instance:com.orangehrmlive.demo.testsuite.LoginTest@63a65a25]" started-at="2023-12-11T16:03:52 GMT" name="tearDown" finished-at="2023-12-11T16:03:52 GMT" duration-ms="176" status="PASS">
          <reporter-output>
          </reporter-output>
        </test-method> <!-- tearDown -->
      </class> <!-- com.orangehrmlive.demo.testsuite.LoginTest -->
    </test> <!-- orange-hrm-live-sw-5 -->
  </suite> <!-- Default Suite -->
</testng-results>
